TN:
SF:src/components/EcosystemSelect/EcosystemSelect.tsx
FN:9,(anonymous_0)
FN:17,(anonymous_1)
FNF:2
FNH:2
FNDA:3,(anonymous_0)
FNDA:36,(anonymous_1)
DA:2,1
DA:3,1
DA:9,1
DA:12,3
DA:18,36
DA:28,1
LF:6
LH:6
BRF:0
BRH:0
end_of_record
TN:
SF:src/components/Header/Header.tsx
FN:4,(anonymous_1)
FNF:1
FNH:1
FNDA:2,(anonymous_1)
DA:1,1
DA:2,1
DA:4,1
DA:5,2
DA:19,1
LF:5
LH:5
BRF:0
BRH:0
end_of_record
TN:
SF:src/components/PackagesTable/PackagesTable.tsx
FN:10,(anonymous_0)
FN:22,(anonymous_1)
FN:50,(anonymous_2)
FN:63,(anonymous_3)
FN:75,(anonymous_4)
FN:75,(anonymous_5)
FN:80,(anonymous_6)
FN:80,(anonymous_7)
FNF:8
FNH:4
FNDA:4,(anonymous_0)
FNDA:1,(anonymous_1)
FNDA:2,(anonymous_2)
FNDA:1,(anonymous_3)
FNDA:0,(anonymous_4)
FNDA:0,(anonymous_5)
FNDA:0,(anonymous_6)
FNDA:0,(anonymous_7)
DA:1,1
DA:2,1
DA:3,1
DA:10,1
DA:14,4
DA:16,4
DA:22,4
DA:23,1
DA:26,4
DA:51,2
DA:63,1
DA:75,0
DA:80,0
DA:88,1
LF:14
LH:12
BRDA:28,0,0,4
BRDA:28,0,1,1
BRDA:33,1,0,4
BRDA:33,1,1,1
BRDA:35,2,0,4
BRDA:35,2,1,3
BRDA:35,2,2,2
BRDA:35,2,3,2
BRF:8
BRH:8
end_of_record
TN:
SF:src/components/VulnerabilitiesViewer/VulnerabilitiesViewer.tsx
FN:17,(anonymous_0)
FN:50,(anonymous_1)
FNF:2
FNH:2
FNDA:6,(anonymous_0)
FNDA:2,(anonymous_1)
DA:2,1
DA:3,1
DA:17,1
DA:22,6
DA:23,1
DA:30,5
DA:31,1
DA:38,4
DA:39,1
DA:47,3
DA:51,2
DA:69,1
LF:12
LH:12
BRDA:22,0,0,1
BRDA:22,0,1,5
BRDA:30,1,0,1
BRDA:30,1,1,4
BRDA:33,2,0,1
BRDA:33,2,1,0
BRDA:38,3,0,1
BRDA:38,3,1,3
BRDA:49,4,0,1
BRDA:49,4,1,2
BRDA:53,5,0,2
BRDA:53,5,1,1
BRDA:56,6,0,2
BRDA:56,6,1,1
BRDA:59,7,0,2
BRDA:59,7,1,1
BRF:16
BRH:15
end_of_record
TN:
SF:src/constants/ecosystem.ts
FNF:0
FNH:0
DA:7,1
DA:33,1
LF:2
LH:2
BRF:0
BRH:0
end_of_record
TN:
SF:test/mocks/fileMock.js
FNF:0
FNH:0
DA:1,1
LF:1
LH:1
BRF:0
BRH:0
end_of_record
